2011-06-16 12:06:29 Notice: Notice (1024): Please change the value of 'Security.salt' in app/config/core.php to a salt value specific to your application in [/var/www/html/fable2/cake/libs/debugger.php, line 684]
2011-06-16 12:06:29 Notice: Notice (1024): Please change the value of 'Security.cipherSeed' in app/config/core.php to a numeric (digits only) seed value specific to your application in [/var/www/html/fable2/cake/libs/debugger.php, line 688]
2011-06-16 22:01:45 Notice: Notice (8): Undefined variable: legend in [/var/www/html/fable2/app/views/users/admin_add.ctp, line 4]
2011-06-16 22:01:54 Notice: Notice (8): Undefined variable: legend in [/var/www/html/fable2/app/views/users/admin_add.ctp, line 4]
2011-06-16 22:02:15 Notice: Notice (8): Undefined variable: legend in [/var/www/html/fable2/app/views/users/admin_add.ctp, line 4]
2011-06-16 22:44:51 Notice: Notice (8): Undefined property: User::$_user in [/var/www/html/fable2/app/controllers/users_controller.php, line 35]
2011-06-16 22:44:51 Notice: Notice (8): Undefined property: User::$_user in [/var/www/html/fable2/app/controllers/users_controller.php, line 39]
2011-06-16 22:45:22 Notice: Notice (8): Undefined property: User::$_user in [/var/www/html/fable2/app/controllers/users_controller.php, line 35]
2011-06-16 22:45:23 Notice: Notice (8): Undefined property: User::$_user in [/var/www/html/fable2/app/controllers/users_controller.php, line 39]
2011-06-16 22:50:36 Notice: Notice (8): Undefined property: User::$_user in [/var/www/html/fable2/app/controllers/users_controller.php, line 35]
2011-06-16 22:50:36 Notice: Notice (8): Undefined property: User::$_user in [/var/www/html/fable2/app/controllers/users_controller.php, line 39]
2011-06-16 22:53:16 Notice: Notice (8): Undefined index: User in [/var/www/html/fable2/app/controllers/users_controller.php, line 35]
2011-06-16 22:53:17 Notice: Notice (8): Undefined index: User in [/var/www/html/fable2/app/app_controller.php, line 14]
2011-06-16 22:53:55 Notice: Notice (8): Undefined index: User in [/var/www/html/fable2/app/controllers/users_controller.php, line 35]
2011-06-16 22:53:56 Notice: Notice (8): Undefined index: User in [/var/www/html/fable2/app/app_controller.php, line 14]
2011-06-16 22:55:55 Notice: Notice (8): Undefined index: User in [/var/www/html/fable2/app/controllers/users_controller.php, line 35]
2011-06-16 22:55:55 Notice: Notice (8): Undefined index: User in [/var/www/html/fable2/app/app_controller.php, line 14]
2011-06-16 22:57:16 Notice: Notice (8): Undefined index: User in [/var/www/html/fable2/app/controllers/users_controller.php, line 35]
2011-06-16 22:57:16 Notice: Notice (8): Undefined index: User in [/var/www/html/fable2/app/app_controller.php, line 14]
2011-06-16 22:57:16 Notice: Notice (8): Undefined variable: user in [/var/www/html/fable2/app/views/users/login.ctp, line 2]
2011-06-16 22:58:06 Notice: Notice (8): Undefined index: User in [/var/www/html/fable2/app/controllers/users_controller.php, line 35]
2011-06-16 22:58:06 Notice: Notice (8): Undefined index: User in [/var/www/html/fable2/app/app_controller.php, line 14]
2011-06-16 22:58:30 Notice: Notice (8): Undefined index: User in [/var/www/html/fable2/app/controllers/users_controller.php, line 35]
2011-06-16 22:58:30 Notice: Notice (8): Undefined index: User in [/var/www/html/fable2/app/app_controller.php, line 14]
2011-06-16 23:00:57 Notice: Notice (8): Undefined index: User in [/var/www/html/fable2/app/controllers/users_controller.php, line 35]
2011-06-16 23:00:57 Notice: Notice (8): Undefined index: User in [/var/www/html/fable2/app/app_controller.php, line 14]
2011-06-16 23:01:32 Notice: Notice (8): Undefined index: User in [/var/www/html/fable2/app/controllers/users_controller.php, line 35]
2011-06-16 23:01:32 Notice: Notice (8): Undefined index: User in [/var/www/html/fable2/app/app_controller.php, line 14]
2011-06-16 23:01:32 Notice: Notice (8): Undefined variable: my_debug in [/var/www/html/fable2/app/views/users/login.ctp, line 2]
2011-06-16 23:06:17 Notice: Notice (8): Undefined index: User in [/var/www/html/fable2/app/app_controller.php, line 14]
2011-06-16 23:07:27 Notice: Notice (8): Undefined index: User in [/var/www/html/fable2/app/controllers/users_controller.php, line 35]
2011-06-16 23:07:27 Notice: Notice (8): Undefined index: User in [/var/www/html/fable2/app/app_controller.php, line 14]
2011-06-16 23:07:33 Notice: Notice (8): Undefined index: User in [/var/www/html/fable2/app/app_controller.php, line 14]
2011-06-16 23:07:38 Notice: Notice (8): Undefined index: User in [/var/www/html/fable2/app/controllers/users_controller.php, line 35]
2011-06-16 23:07:38 Notice: Notice (8): Undefined index: User in [/var/www/html/fable2/app/app_controller.php, line 14]
2011-06-16 23:08:09 Notice: Notice (8): Undefined index: User in [/var/www/html/fable2/app/app_controller.php, line 14]
2011-06-17 21:43:49 Notice: Notice (8): Trying to get property of non-object in [/var/www/html/fable2/app/views/common/header.ctp, line 5]
2011-06-17 21:43:49 Notice: Notice (8): Trying to get property of non-object in [/var/www/html/fable2/app/views/common/header.ctp, line 6]
2011-06-17 21:44:14 Notice: Notice (8): Undefined index: username in [/var/www/html/fable2/app/views/common/header.ctp, line 5]
2011-06-17 21:44:14 Notice: Notice (8): Undefined index: privileged in [/var/www/html/fable2/app/views/common/header.ctp, line 6]
2011-06-17 22:53:05 Notice: Notice (8): Undefined property: Absence::$User in [/var/www/html/fable2/app/controllers/absences_controller.php, line 29]
2011-06-17 22:54:10 Notice: Notice (8): Undefined property: View::$Absence in [/var/www/html/fable2/app/views/absences/add.ctp, line 3]
2011-06-17 22:55:33 Notice: Notice (8): Undefined property: AbsencesController::$User in [/var/www/html/fable2/app/controllers/absences_controller.php, line 29]
2011-06-17 23:19:42 Notice: Notice (8): Undefined index: is_admin in [/var/www/html/fable2/app/views/layouts/default.ctp, line 45]
2011-06-17 23:35:36 Notice: Notice (8): Undefined property: User::$User in [/var/www/html/fable2/app/controllers/absences_controller.php, line 31]
2011-06-17 23:53:40 Notice: Notice (8): Trying to get property of non-object in [/var/www/html/fable2/app/views/absences/add.ctp, line 14]
2011-06-17 23:56:51 Notice: Notice (8): Undefined index: User in [/var/www/html/fable2/app/views/absences/add.ctp, line 11]
2011-06-17 23:58:09 Notice: Notice (8): Undefined index: school_id in [/var/www/html/fable2/app/views/absences/add.ctp, line 14]
2011-06-18 00:35:14 Notice: Notice (8): Undefined index: School in [/var/www/html/fable2/app/views/absences/add.ctp, line 14]
2011-06-18 00:36:26 Notice: Notice (8): Undefined index: School in [/var/www/html/fable2/app/views/absences/add.ctp, line 14]
2011-06-18 00:38:53 Notice: Notice (8): Trying to get property of non-object in [/var/www/html/fable2/app/views/absences/add.ctp, line 7]
2011-06-18 00:38:53 Notice: Notice (8): Undefined index: School in [/var/www/html/fable2/app/views/absences/add.ctp, line 14]
2011-06-18 00:39:47 Notice: Notice (8): Undefined index: School in [/var/www/html/fable2/app/views/absences/add.ctp, line 7]
2011-06-18 00:39:47 Notice: Notice (8): Undefined index: School in [/var/www/html/fable2/app/views/absences/add.ctp, line 14]
2011-06-18 00:40:11 Notice: Notice (8): Undefined index: School in [/var/www/html/fable2/app/views/absences/add.ctp, line 14]
2011-06-18 00:40:34 Notice: Notice (8): Undefined index: School in [/var/www/html/fable2/app/views/absences/add.ctp, line 14]
2011-06-18 00:42:12 Notice: Notice (8): Undefined property: View::$absence in [/var/www/html/fable2/app/views/absences/add.ctp, line 7]
2011-06-18 00:42:12 Notice: Notice (8): Undefined index: School in [/var/www/html/fable2/app/views/absences/add.ctp, line 14]
2011-06-18 00:42:41 Notice: Notice (8): Undefined variable: user in [/var/www/html/fable2/app/views/absences/add.ctp, line 7]
2011-06-18 00:42:41 Notice: Notice (8): Undefined variable: user in [/var/www/html/fable2/app/views/absences/add.ctp, line 10]
2011-06-18 00:42:41 Notice: Notice (8): Undefined variable: user in [/var/www/html/fable2/app/views/absences/add.ctp, line 14]
2011-06-18 00:43:42 Notice: Notice (8): Undefined variable: user in [/var/www/html/fable2/app/views/absences/add.ctp, line 10]
2011-06-18 00:43:42 Notice: Notice (8): Undefined variable: user in [/var/www/html/fable2/app/views/absences/add.ctp, line 14]
2011-06-18 00:44:08 Notice: Notice (8): Undefined variable: user in [/var/www/html/fable2/app/views/absences/add.ctp, line 10]
2011-06-18 00:44:08 Notice: Notice (8): Undefined variable: user in [/var/www/html/fable2/app/views/absences/add.ctp, line 14]
2011-06-18 00:44:38 Notice: Notice (8): Undefined variable: user in [/var/www/html/fable2/app/views/absences/add.ctp, line 10]
2011-06-18 00:44:38 Notice: Notice (8): Undefined variable: user in [/var/www/html/fable2/app/views/absences/add.ctp, line 14]
2011-06-18 00:44:46 Notice: Notice (8): Undefined variable: user in [/var/www/html/fable2/app/views/absences/add.ctp, line 10]
2011-06-18 00:44:46 Notice: Notice (8): Undefined variable: user in [/var/www/html/fable2/app/views/absences/add.ctp, line 14]
2011-06-18 00:45:48 Notice: Notice (8): Undefined variable: absentee in [/var/www/html/fable2/app/views/absences/add.ctp, line 7]
2011-06-18 00:45:48 Notice: Notice (8): Undefined variable: user in [/var/www/html/fable2/app/views/absences/add.ctp, line 10]
2011-06-18 00:45:48 Notice: Notice (8): Undefined variable: user in [/var/www/html/fable2/app/views/absences/add.ctp, line 14]
2011-06-18 00:57:22 Notice: Notice (8): Undefined variable: absentee in [/var/www/html/fable2/app/views/absences/add.ctp, line 7]
2011-06-18 00:57:22 Notice: Notice (8): Undefined variable: user in [/var/www/html/fable2/app/views/absences/add.ctp, line 10]
2011-06-18 00:57:22 Notice: Notice (8): Undefined variable: user in [/var/www/html/fable2/app/views/absences/add.ctp, line 14]
2011-06-18 00:59:20 Notice: Notice (8): Undefined variable: absence in [/var/www/html/fable2/app/views/absences/add.ctp, line 7]
